#
# There is insufficient memory for the Java Runtime Environment to continue.
# Native memory allocation (mmap) failed to map 266338304 bytes for G1 virtual space
# Possible reasons:
#   The system is out of physical RAM or swap space
#   The process is running with CompressedOops enabled, and the Java Heap may be blocking the growth of the native heap
# Possible solutions:
#   Reduce memory load on the system
#   Increase physical memory or swap space
#   Check if swap backing store is full
#   Decrease Java heap size (-Xmx/-Xms)
#   Decrease number of Java threads
#   Decrease Java thread stack sizes (-Xss)
#   Set larger code cache with -XX:ReservedCodeCacheSize=
#   JVM is running with Zero Based Compressed Oops mode in which the Java heap is
#     placed in the first 32GB address space. The Java Heap base address is the
#     maximum limit for the native heap growth. Please use -XX:HeapBaseMinAddress
#     to set the Java Heap base and to place the Java Heap above 32GB virtual address.
# This output file may be truncated or incomplete.
#
#  Out of Memory Error (os_windows.cpp:3469), pid=31652, tid=35260
#
# JRE version:  (17.0.1+12) (build )
# Java VM: Java HotSpot(TM) 64-Bit Server VM (17.0.1+12-LTS-39, mixed mode, emulated-client, sharing, tiered, compressed oops, compressed class ptrs, g1 gc, windows-amd64)
# No core dump will be written. Minidumps are not enabled by default on client versions of Windows
#

---------------  S U M M A R Y ------------

Command Line: -XX:TieredStopAtLevel=1 BOB.GymManagement.Gym.Management.System.GymManagementSystemApplication

Host: Intel(R) Core(TM) i7-8850H CPU @ 2.60GHz, 12 cores, 15G,  Windows 10 , 64 bit Build 26100 (10.0.26100.5074)
Time: Sun Sep 14 00:21:16 2025 Egypt Daylight Time elapsed time: 0.068001 seconds (0d 0h 0m 0s)

---------------  T H R E A D  ---------------

Current thread (0x0000023c768863d0):  JavaThread "Unknown thread" [_thread_in_vm, id=35260, stack(0x000000bcbb800000,0x000000bcbb900000)]

Stack: [0x000000bcbb800000,0x000000bcbb900000]
Native frames: (J=compiled Java code, j=interpreted, Vv=VM code, C=native code)
V  [jvm.dll+0x66fa1a]
V  [jvm.dll+0x7ce5a4]
V  [jvm.dll+0x7cfd4e]
V  [jvm.dll+0x7d03b3]
V  [jvm.dll+0x242b05]
V  [jvm.dll+0x66ca39]
V  [jvm.dll+0x661502]
V  [jvm.dll+0x30081b]
V  [jvm.dll+0x307da6]
V  [jvm.dll+0x357a1e]
V  [jvm.dll+0x357c4f]
V  [jvm.dll+0x2d7ad8]
V  [jvm.dll+0x2d8a44]
V  [jvm.dll+0x7a01e1]
V  [jvm.dll+0x365791]
V  [jvm.dll+0x77f6cc]
V  [jvm.dll+0x3e812f]
V  [jvm.dll+0x3e9bd1]
C  [jli.dll+0x527b]
C  [ucrtbase.dll+0x37b0]
C  [KERNEL32.DLL+0x2e8d7]
C  [ntdll.dll+0x8d9c]


---------------  P R O C E S S  ---------------

Threads class SMR info:
_java_thread_list=0x00007ffee82c7818, length=0, elements={
}

Java Threads: ( => current thread )

Other Threads:
  0x0000023c768dd870 GCTaskThread "GC Thread#0" [stack: 0x000000bcbb900000,0x000000bcbba00000] [id=5640]
  0x0000023c768ef140 ConcurrentGCThread "G1 Main Marker" [stack: 0x000000bcbba00000,0x000000bcbbb00000] [id=10192]
  0x0000023c768f1fd0 ConcurrentGCThread "G1 Conc#0" [stack: 0x000000bcbbb00000,0x000000bcbbc00000] [id=23876]

[error occurred during error reporting (printing all threads), id 0xc0000005, EXCEPTION_ACCESS_VIOLATION (0xc0000005) at pc=0x00007ffee7b184b7]

VM state: not at safepoint (not fully initialized)

VM Mutex/Monitor currently owned by a thread:  ([mutex/lock_event])
[0x0000023c76881fe0] Heap_lock - owner thread: 0x0000023c768863d0

Heap address: 0x0000000703400000, size: 4044 MB, Compressed Oops mode: Zero based, Oop shift amount: 3

CDS archive(s) mapped at: [0x0000000000000000-0x0000000000000000-0x0000000000000000), size 0, SharedBaseAddress: 0x0000000800000000, ArchiveRelocationMode: 0.
Narrow klass base: 0x0000000000000000, Narrow klass shift: 0, Narrow klass range: 0x0

GC Precious Log:
<Empty>

Heap:
 garbage-first heap   total 0K, used 0K [0x0000000703400000, 0x0000000800000000)
  region size 2048K, 0 young (0K), 0 survivors (0K)

[error occurred during error reporting (printing heap information), id 0xc0000005, EXCEPTION_ACCESS_VIOLATION (0xc0000005) at pc=0x00007ffee7ef8d89]

GC Heap History (0 events):
No events

Deoptimization events (0 events):
No events

Classes unloaded (0 events):
No events

Classes redefined (0 events):
No events

Internal exceptions (0 events):
No events

VM Operations (0 events):
No events

Events (1 events):
Event: 0.039 Loaded shared library C:\Program Files\Java\jdk-17.0.1\bin\java.dll


Dynamic libraries:
0x00007ff62e640000 - 0x00007ff62e650000 	C:\Program Files\Java\jdk-17.0.1\bin\java.exe
0x00007fff87100000 - 0x00007fff87369000 	C:\WINDOWS\SYSTEM32\ntdll.dll
0x00007fff861f0000 - 0x00007fff862b9000 	C:\WINDOWS\System32\KERNEL32.DLL
0x00007fff84400000 - 0x00007fff847f3000 	C:\WINDOWS\System32\KERNELBASE.dll
0x00007fff84970000 - 0x00007fff84abb000 	C:\WINDOWS\System32\ucrtbase.dll
0x00007fff7b900000 - 0x00007fff7b91a000 	C:\Program Files\Java\jdk-17.0.1\bin\VCRUNTIME140.dll
0x00007fff7b1a0000 - 0x00007fff7b1b8000 	C:\Program Files\Java\jdk-17.0.1\bin\jli.dll
0x00007fff862c0000 - 0x00007fff86374000 	C:\WINDOWS\System32\ADVAPI32.dll
0x00007fff86000000 - 0x00007fff860a9000 	C:\WINDOWS\System32\msvcrt.dll
0x00007fff84ed0000 - 0x00007fff84f76000 	C:\WINDOWS\System32\sechost.dll
0x00007fff860b0000 - 0x00007fff861c8000 	C:\WINDOWS\System32\RPCRT4.dll
0x00007fff85120000 - 0x00007fff852e4000 	C:\WINDOWS\System32\USER32.dll
0x00007fff84d20000 - 0x00007fff84d47000 	C:\WINDOWS\System32\win32u.dll
0x00007fff67d60000 - 0x00007fff67ff3000 	C:\WINDOWS\WinSxS\amd64_microsoft.windows.common-controls_6595b64144ccf1df_6.0.26100.5074_none_3e0d6f78e32fd63f\COMCTL32.dll
0x00007fff86c40000 - 0x00007fff86c6b000 	C:\WINDOWS\System32\GDI32.dll
0x00007fff84b60000 - 0x00007fff84c8d000 	C:\WINDOWS\System32\gdi32full.dll
0x00007fff84350000 - 0x00007fff843f3000 	C:\WINDOWS\System32\msvcp_win.dll
0x00007fff7cb60000 - 0x00007fff7cb6b000 	C:\WINDOWS\SYSTEM32\VERSION.dll
0x00007fff87080000 - 0x00007fff870af000 	C:\WINDOWS\System32\IMM32.DLL
0x00007fff7c440000 - 0x00007fff7c44c000 	C:\Program Files\Java\jdk-17.0.1\bin\vcruntime140_1.dll
0x00007fff6b9c0000 - 0x00007fff6ba4d000 	C:\Program Files\Java\jdk-17.0.1\bin\msvcp140.dll
0x00007ffee7830000 - 0x00007ffee83ee000 	C:\Program Files\Java\jdk-17.0.1\bin\server\jvm.dll
0x00007fff85ff0000 - 0x00007fff85ff8000 	C:\WINDOWS\System32\PSAPI.DLL
0x00007fff7c110000 - 0x00007fff7c11a000 	C:\WINDOWS\SYSTEM32\WSOCK32.dll
0x00007fff75c30000 - 0x00007fff75c65000 	C:\WINDOWS\SYSTEM32\WINMM.dll
0x00007fff85d90000 - 0x00007fff85e04000 	C:\WINDOWS\System32\WS2_32.dll
0x00007fff83150000 - 0x00007fff8316b000 	C:\WINDOWS\SYSTEM32\kernel.appcore.dll
0x00007fff7bfe0000 - 0x00007fff7bfea000 	C:\Program Files\Java\jdk-17.0.1\bin\jimage.dll
0x00007fff819a0000 - 0x00007fff81be2000 	C:\WINDOWS\SYSTEM32\DBGHELP.DLL
0x00007fff86d00000 - 0x00007fff8707b000 	C:\WINDOWS\System32\combase.dll
0x00007fff86b60000 - 0x00007fff86c37000 	C:\WINDOWS\System32\OLEAUT32.dll
0x00007fff74060000 - 0x00007fff7409d000 	C:\WINDOWS\SYSTEM32\dbgcore.DLL
0x00007fff84ac0000 - 0x00007fff84b59000 	C:\WINDOWS\System32\bcryptPrimitives.dll
0x00007fff6bae0000 - 0x00007fff6bb05000 	C:\Program Files\Java\jdk-17.0.1\bin\java.dll

dbghelp: loaded successfully - version: 4.0.5 - missing functions: none
symbol engine: initialized successfully - sym options: 0x614 - pdb path: .;C:\Program Files\Java\jdk-17.0.1\bin;C:\WINDOWS\SYSTEM32;C:\WINDOWS\WinSxS\amd64_microsoft.windows.common-controls_6595b64144ccf1df_6.0.26100.5074_none_3e0d6f78e32fd63f;C:\Program Files\Java\jdk-17.0.1\bin\server

VM Arguments:
jvm_args: -XX:TieredStopAtLevel=1 
java_command: BOB.GymManagement.Gym.Management.System.GymManagementSystemApplication
java_class_path (initial): C:\Projects\target\classes;C:\Users\moeha\.m2\repository\org\springframework\boot\spring-boot\3.5.4\spring-boot-3.5.4.jar;C:\Users\moeha\.m2\repository\org\springframework\boot\spring-boot-autoconfigure\3.5.4\spring-boot-autoconfigure-3.5.4.jar;C:\Users\moeha\.m2\repository\ch\qos\logback\logback-classic\1.5.18\logback-classic-1.5.18.jar;C:\Users\moeha\.m2\repository\ch\qos\logback\logback-core\1.5.18\logback-core-1.5.18.jar;C:\Users\moeha\.m2\repository\org\apache\logging\log4j\log4j-to-slf4j\2.24.3\log4j-to-slf4j-2.24.3.jar;C:\Users\moeha\.m2\repository\org\apache\logging\log4j\log4j-api\2.24.3\log4j-api-2.24.3.jar;C:\Users\moeha\.m2\repository\org\slf4j\jul-to-slf4j\2.0.17\jul-to-slf4j-2.0.17.jar;C:\Users\moeha\.m2\repository\jakarta\annotation\jakarta.annotation-api\2.1.1\jakarta.annotation-api-2.1.1.jar;C:\Users\moeha\.m2\repository\org\yaml\snakeyaml\2.4\snakeyaml-2.4.jar;C:\Users\moeha\.m2\repository\com\zaxxer\HikariCP\6.3.1\HikariCP-6.3.1.jar;C:\Users\moeha\.m2\repository\org\springframework\spring-jdbc\6.2.9\spring-jdbc-6.2.9.jar;C:\Users\moeha\.m2\repository\org\hibernate\orm\hibernate-core\6.6.22.Final\hibernate-core-6.6.22.Final.jar;C:\Users\moeha\.m2\repository\jakarta\persistence\jakarta.persistence-api\3.1.0\jakarta.persistence-api-3.1.0.jar;C:\Users\moeha\.m2\repository\jakarta\transaction\jakarta.transaction-api\2.0.1\jakarta.transaction-api-2.0.1.jar;C:\Users\moeha\.m2\repository\org\jboss\logging\jboss-logging\3.6.1.Final\jboss-logging-3.6.1.Final.jar;C:\Users\moeha\.m2\repository\org\hibernate\common\hibernate-commons-annotations\7.0.3.Final\hibernate-commons-annotations-7.0.3.Final.jar;C:\Users\moeha\.m2\repository\io\smallrye\jandex\3.2.0\jandex-3.2.0.jar;C:\Users\moeha\.m2\repository\com\fasterxml\classmate\1.7.0\classmate-1.7.0.jar;C:\Users\moeha\.m2\repository\net\bytebuddy\byte-buddy\1.17.6\byte-buddy-1.17.6.jar;C:\Users\moeha\.m2\repository\org\glassfish\jaxb\jaxb-runtime\4.0.5\jaxb-runtime-4.0.5.jar;C:\Users\
Launcher Type: SUN_STANDARD

[Global flags]
     intx CICompilerCount                          = 4                                         {product} {ergonomic}
     uint ConcGCThreads                            = 3                                         {product} {ergonomic}
     uint G1ConcRefinementThreads                  = 10                                        {product} {ergonomic}
   size_t G1HeapRegionSize                         = 2097152                                   {product} {ergonomic}
    uintx GCDrainStackTargetSize                   = 64                                        {product} {ergonomic}
   size_t InitialHeapSize                          = 266338304                                 {product} {ergonomic}
   size_t MarkStackSize                            = 4194304                                   {product} {ergonomic}
   size_t MaxHeapSize                              = 4240441344                                {product} {ergonomic}
   size_t MinHeapDeltaBytes                        = 2097152                                   {product} {ergonomic}
   size_t MinHeapSize                              = 8388608                                   {product} {ergonomic}
    uintx NonProfiledCodeHeapSize                  = 0                                      {pd product} {ergonomic}
     bool ProfileInterpreter                       = false                                  {pd product} {command line}
    uintx ProfiledCodeHeapSize                     = 0                                      {pd product} {ergonomic}
   size_t SoftMaxHeapSize                          = 4240441344                             {manageable} {ergonomic}
     intx TieredStopAtLevel                        = 1                                         {product} {command line}
     bool UseCompressedClassPointers               = true                           {product lp64_product} {ergonomic}
     bool UseCompressedOops                        = true                           {product lp64_product} {ergonomic}
     bool UseG1GC                                  = true                                      {product} {ergonomic}
     bool UseLargePagesIndividualAllocation        = false                                  {pd product} {ergonomic}

Logging:
Log output configuration:
 #0: stdout all=warning uptime,level,tags
 #1: stderr all=off uptime,level,tags

Environment Variables:
JAVA_HOME=C:\Program Files\Java\jdk-17.0.1
PATH=C:\Program Files\Google\Chrome\Application;C:\Program Files\Java\jdk-17.0.1\bin;C:\Program Files\Java\jdk-17.0.1\bin;C:\Program Files\Common Files\Oracle\Java\javapath;C:\Program Files (x86)\Common Files\Oracle\Java\javapath;C:\WINDOWS\system32;C:\WINDOWS;C:\WINDOWS\System32\Wbem;C:\WINDOWS\System32\WindowsPowerShell\v1.0\;C:\WINDOWS\System32\OpenSSH\;C:\Program Files\nodejs\;C:\ProgramData\chocolatey\bin;C:\apache-maven-3.9.5\bin;C:\xampp\php;C:\Users\moeha\AppData\Local\Programs\Python\Python311\Scripts;C:\Program Files\Git\cmd;C:\Program Files (x86)\Microsoft SQL Server\160\DTS\Binn\;C:\Program Files\PuTTY\;C:\Users\moeha\AppData\Local\Programs\Python\Python311\;C:\msys64\mingw64\bin;C:\Program Files\dotnet\;C:\Users\moeha\AppData\Roaming\Python\Scripts;C:\Program Files\Heroku\bin;C:\Program Files\Java\jdk-23.0.1\bin;C:\Program Files\Docker\Docker\resources\bin;%PYTHON_HOME%;C:\Users\moeha\AppData\Local\Programs\Python\Python312\Scripts\;C:\Users\moeha\AppData\Local\Programs\Python\Python312\;C:\Program Files\MySQL\MySQL Shell 8.0\bin\;C:\Users\moeha\AppData\Local\Microsoft\WindowsApps;C:\Users\moeha\AppData\Local\Programs\Microsoft VS Code\bin;C:\Users\moeha\AppData\Roaming\npm;C:\Users\moeha\.dotnet\tools;C:\Program Files\JetBrains\PyCharm 2024.2.2\bin;;C:\msys64\mingw64\lib\python3.11\site-packages\pip;C:\Program Files\heroku\bin;C:\Program Files\JetBrains\IntelliJ IDEA 2024.3.1.1\bin;;C:\Users\moeha\AppData\Local\GitHubDesktop\bin
USERNAME=BOBO
LANG=en_US.UTF-8
OS=Windows_NT
PROCESSOR_IDENTIFIER=Intel64 Family 6 Model 158 Stepping 10, GenuineIntel



---------------  S Y S T E M  ---------------

OS:
 Windows 10 , 64 bit Build 26100 (10.0.26100.5074)
OS uptime: 2 days 1:14 hours
Hyper-V role detected

CPU: total 12 (initial active 12) (6 cores per cpu, 2 threads per core) family 6 model 158 stepping 10 microcode 0xf8, cx8, cmov, fxsr, ht, mmx, 3dnowpref, sse, sse2, sse3, ssse3, sse4.1, sse4.2, popcnt, lzcnt, tsc, tscinvbit, avx, avx2, aes, erms, clmul, bmi1, bmi2, rtm, adx, fma, vzeroupper, clflush, clflushopt, hv

Memory: 4k page, system-wide physical 16175M (1286M free)
TotalPageFile size 28418M (AvailPageFile size 217M)
current process WorkingSet (physical memory assigned to process): 12M, peak: 12M
current process commit charge ("private bytes"): 59M, peak: 313M

vm_info: Java HotSpot(TM) 64-Bit Server VM (17.0.1+12-LTS-39) for windows-amd64 JRE (17.0.1+12-LTS-39), built on Sep 27 2021 18:41:35 by "mach5one" with MS VC++ 16.8 (VS2019)

END.
